<?xml version="1.0" encoding="UTF-8"?>
<!-- Generated by org.testng.reporters.JUnitXMLReporter -->
<testsuite ignored="0" hostname="DESKTOP-IAD6A47" failures="1" tests="3" name="Test" time="93.404" errors="0" timestamp="2022-01-26T11:52:59 IST">
  <testcase classname="com.tcs.testcases.ValidateTile" name="validateTiltle" time="2.86">
    <failure type="java.lang.AssertionError" message="expected [FEATURED COURSES12] but found [FEATURED COURSES]">
      <![CDATA[java.lang.AssertionError: expected [FEATURED COURSES12] but found [FEATURED COURSES]
at com.tcs.testcases.ValidateTile.validateTiltle(ValidateTile.java:38)
at java.base/java.util.concurrent.ThreadPoolExecutor.runWorker(ThreadPoolExecutor.java:1130)
at java.base/java.util.concurrent.ThreadPoolExecutor$Worker.run(ThreadPoolExecutor.java:630)
at java.base/java.lang.Thread.run(Thread.java:831)
... Removed 17 stack frames]]>
    </failure>
  </testcase> <!-- validateTiltle -->
  <testcase classname="com.tcs.testcases.Basepage_TestCaseID_001" name="basenavigation" time="9.387"/>
  <testcase classname="com.tcs.testcases.Basepage_TestCaseID_001" name="basenavigation" time="4.515"/>
</testsuite> <!-- Test -->
