<?xml version="1.0" encoding="UTF-8"?>
<!-- Generated by org.testng.reporters.JUnitXMLReporter -->
<testsuite ignored="0" hostname="DESKTOP-IAD6A47" failures="0" tests="3" name="Test" time="105.362" errors="0" timestamp="2022-01-26T15:35:46 IST">
  <testcase classname="com.tcs.testcases.ValidateTile" name="validateTiltle" time="1.434"/>
  <testcase classname="com.tcs.testcases.Basepage_TestCaseID_001" name="basenavigation" time="10.289"/>
  <testcase classname="com.tcs.testcases.Basepage_TestCaseID_001" name="basenavigation" time="5.28"/>
</testsuite> <!-- Test -->
