<?xml version="1.0" encoding="UTF-8"?>
<!-- Generated by org.testng.reporters.JUnitXMLReporter -->
<testsuite ignored="0" hostname="DESKTOP-IAD6A47" failures="0" tests="3" name="Test" time="108.727" errors="0" timestamp="2022-01-25T20:50:41 IST">
  <testcase classname="com.tcs.testcases.Basepage_TestCaseID_001" name="basenavigation" time="14.739"/>
  <testcase classname="com.tcs.testcases.Basepage_TestCaseID_001" name="basenavigation" time="11.661"/>
  <testcase classname="com.tcs.testcases.ValidateTile" name="validateTiltle" time="0.131"/>
</testsuite> <!-- Test -->
