<?xml version="1.0" encoding="UTF-8"?>
<testng-results ignored="0" total="3" passed="3" failed="0" skipped="0">
  <reporter-output>
  </reporter-output>
  <suite started-at="2022-01-26T15:34:00 IST" name="Suite" finished-at="2022-01-26T15:35:46 IST" duration-ms="105362">
    <groups>
    </groups>
    <test started-at="2022-01-26T15:34:00 IST" name="Test" finished-at="2022-01-26T15:35:46 IST" duration-ms="105362">
      <class name="com.tcs.testcases.Basepage_TestCaseID_001">
        <test-method is-config="true" signature="driverstart()[pri:0, instance:com.tcs.testcases.Basepage_TestCaseID_001@32232e55]" started-at="2022-01-26T15:34:40 IST" name="driverstart" finished-at="2022-01-26T15:35:00 IST" duration-ms="19962" status="PASS">
          <reporter-output>
          </reporter-output>
        </test-method> <!-- driverstart -->
        <test-method signature="basenavigation(java.lang.String, java.lang.String)[pri:0, instance:com.tcs.testcases.Basepage_TestCaseID_001@32232e55]" started-at="2022-01-26T15:35:00 IST" name="basenavigation" data-provider="getData" finished-at="2022-01-26T15:35:10 IST" duration-ms="10289" status="PASS">
          <params>
            <param index="0">
              <value>
                <![CDATA[nonrestrictadeuser@gmail.com]]>
              </value>
            </param>
            <param index="1">
              <value>
                <![CDATA[password1]]>
              </value>
            </param>
          </params>
          <reporter-output>
          </reporter-output>
        </test-method> <!-- basenavigation -->
        <test-method is-config="true" signature="tearDown()[pri:0, instance:com.tcs.testcases.Basepage_TestCaseID_001@32232e55]" started-at="2022-01-26T15:35:10 IST" name="tearDown" finished-at="2022-01-26T15:35:13 IST" duration-ms="3109" status="PASS">
          <reporter-output>
          </reporter-output>
        </test-method> <!-- tearDown -->
        <test-method is-config="true" signature="driverstart()[pri:0, instance:com.tcs.testcases.Basepage_TestCaseID_001@32232e55]" started-at="2022-01-26T15:35:13 IST" name="driverstart" finished-at="2022-01-26T15:35:36 IST" duration-ms="22754" status="PASS">
          <reporter-output>
          </reporter-output>
        </test-method> <!-- driverstart -->
        <test-method signature="basenavigation(java.lang.String, java.lang.String)[pri:0, instance:com.tcs.testcases.Basepage_TestCaseID_001@32232e55]" started-at="2022-01-26T15:35:36 IST" name="basenavigation" data-provider="getData" finished-at="2022-01-26T15:35:42 IST" duration-ms="5280" status="PASS">
          <params>
            <param index="0">
              <value>
                <![CDATA[restrcicteduser@gmail.com]]>
              </value>
            </param>
            <param index="1">
              <value>
                <![CDATA[password2]]>
              </value>
            </param>
          </params>
          <reporter-output>
          </reporter-output>
        </test-method> <!-- basenavigation -->
        <test-method is-config="true" signature="tearDown()[pri:0, instance:com.tcs.testcases.Basepage_TestCaseID_001@32232e55]" started-at="2022-01-26T15:35:42 IST" name="tearDown" finished-at="2022-01-26T15:35:44 IST" duration-ms="2314" status="PASS">
          <reporter-output>
          </reporter-output>
        </test-method> <!-- tearDown -->
      </class> <!-- com.tcs.testcases.Basepage_TestCaseID_001 -->
      <class name="com.tcs.testcases.ValidateTile">
        <test-method is-config="true" signature="beforestart()[pri:0, instance:com.tcs.testcases.ValidateTile@54361a9]" started-at="2022-01-26T15:34:00 IST" name="beforestart" finished-at="2022-01-26T15:34:40 IST" duration-ms="39524" status="PASS">
          <reporter-output>
          </reporter-output>
        </test-method> <!-- beforestart -->
        <test-method signature="validateTiltle()[pri:0, instance:com.tcs.testcases.ValidateTile@54361a9]" started-at="2022-01-26T15:34:40 IST" name="validateTiltle" finished-at="2022-01-26T15:34:42 IST" duration-ms="1434" status="PASS">
          <reporter-output>
          </reporter-output>
        </test-method> <!-- validateTiltle -->
        <test-method is-config="true" signature="tearDown()[pri:0, instance:com.tcs.testcases.ValidateTile@54361a9]" started-at="2022-01-26T15:35:44 IST" name="tearDown" finished-at="2022-01-26T15:35:46 IST" duration-ms="1993" status="PASS">
          <reporter-output>
          </reporter-output>
        </test-method> <!-- tearDown -->
      </class> <!-- com.tcs.testcases.ValidateTile -->
    </test> <!-- Test -->
  </suite> <!-- Suite -->
</testng-results>
