<?xml version="1.0" encoding="UTF-8"?>
<testsuite xmlns:xsi="http://www.w3.org/2001/XMLSchema-instance" xsi:noNamespaceSchemaLocation="https://maven.apache.org/surefire/maven-surefire-plugin/xsd/surefire-test-report.xsd" name="TestSuite" time="113.539" tests="3" errors="0" skipped="0" failures="0">
  <properties>
[...]
</properties>
  <testcase name="basenavigation" classname="com.tcs.testcases.Basepage_TestCaseID_001" time="14.749"/>
  <testcase name="basenavigation" classname="com.tcs.testcases.Basepage_TestCaseID_001" time="11.664"/>
  <testcase name="validateTiltle" classname="com.tcs.testcases.ValidateTile" time="0.131"/>
</testsuite>