<?xml version="1.0" encoding="UTF-8"?>
<testng-results ignored="0" total="3" passed="3" failed="0" skipped="0">
  <reporter-output>
  </reporter-output>
  <suite started-at="2022-01-25T20:48:51 IST" name="Suite" finished-at="2022-01-25T20:50:40 IST" duration-ms="108727">
    <groups>
    </groups>
    <test started-at="2022-01-25T20:48:51 IST" name="Test" finished-at="2022-01-25T20:50:40 IST" duration-ms="108727">
      <class name="com.tcs.testcases.Basepage_TestCaseID_001">
        <test-method is-config="true" signature="driverstart()[pri:0, instance:com.tcs.testcases.Basepage_TestCaseID_001@340da44c]" started-at="2022-01-25T20:49:19 IST" name="driverstart" finished-at="2022-01-25T20:49:39 IST" duration-ms="20046" status="PASS">
          <reporter-output>
          </reporter-output>
        </test-method> <!-- driverstart -->
        <test-method signature="basenavigation(java.lang.String, java.lang.String)[pri:0, instance:com.tcs.testcases.Basepage_TestCaseID_001@340da44c]" started-at="2022-01-25T20:49:39 IST" name="basenavigation" data-provider="getData" finished-at="2022-01-25T20:49:54 IST" duration-ms="14739" status="PASS">
          <params>
            <param index="0">
              <value>
                <![CDATA[nonrestrictadeuser@gmail.com]]>
              </value>
            </param>
            <param index="1">
              <value>
                <![CDATA[password1]]>
              </value>
            </param>
          </params>
          <reporter-output>
          </reporter-output>
        </test-method> <!-- basenavigation -->
        <test-method is-config="true" signature="tearDown()[pri:0, instance:com.tcs.testcases.Basepage_TestCaseID_001@340da44c]" started-at="2022-01-25T20:49:54 IST" name="tearDown" finished-at="2022-01-25T20:49:57 IST" duration-ms="2853" status="PASS">
          <reporter-output>
          </reporter-output>
        </test-method> <!-- tearDown -->
        <test-method is-config="true" signature="driverstart()[pri:0, instance:com.tcs.testcases.Basepage_TestCaseID_001@340da44c]" started-at="2022-01-25T20:49:57 IST" name="driverstart" finished-at="2022-01-25T20:50:20 IST" duration-ms="22716" status="PASS">
          <reporter-output>
          </reporter-output>
        </test-method> <!-- driverstart -->
        <test-method signature="basenavigation(java.lang.String, java.lang.String)[pri:0, instance:com.tcs.testcases.Basepage_TestCaseID_001@340da44c]" started-at="2022-01-25T20:50:20 IST" name="basenavigation" data-provider="getData" finished-at="2022-01-25T20:50:31 IST" duration-ms="11661" status="PASS">
          <params>
            <param index="0">
              <value>
                <![CDATA[restrcicteduser@gmail.com]]>
              </value>
            </param>
            <param index="1">
              <value>
                <![CDATA[password2]]>
              </value>
            </param>
          </params>
          <reporter-output>
          </reporter-output>
        </test-method> <!-- basenavigation -->
        <test-method is-config="true" signature="tearDown()[pri:0, instance:com.tcs.testcases.Basepage_TestCaseID_001@340da44c]" started-at="2022-01-25T20:50:31 IST" name="tearDown" finished-at="2022-01-25T20:50:37 IST" duration-ms="6000" status="PASS">
          <reporter-output>
          </reporter-output>
        </test-method> <!-- tearDown -->
      </class> <!-- com.tcs.testcases.Basepage_TestCaseID_001 -->
      <class name="com.tcs.testcases.ValidateTile">
        <test-method is-config="true" signature="beforestart()[pri:0, instance:com.tcs.testcases.ValidateTile@a43ce46]" started-at="2022-01-25T20:48:51 IST" name="beforestart" finished-at="2022-01-25T20:49:19 IST" duration-ms="27564" status="PASS">
          <reporter-output>
          </reporter-output>
        </test-method> <!-- beforestart -->
        <test-method signature="validateTiltle()[pri:0, instance:com.tcs.testcases.ValidateTile@a43ce46]" started-at="2022-01-25T20:50:37 IST" name="validateTiltle" finished-at="2022-01-25T20:50:37 IST" duration-ms="131" status="PASS">
          <reporter-output>
          </reporter-output>
        </test-method> <!-- validateTiltle -->
        <test-method is-config="true" signature="tearDown()[pri:0, instance:com.tcs.testcases.ValidateTile@a43ce46]" started-at="2022-01-25T20:50:37 IST" name="tearDown" finished-at="2022-01-25T20:50:40 IST" duration-ms="2639" status="PASS">
          <reporter-output>
          </reporter-output>
        </test-method> <!-- tearDown -->
      </class> <!-- com.tcs.testcases.ValidateTile -->
    </test> <!-- Test -->
  </suite> <!-- Suite -->
</testng-results>
